<?xml version="1.0" encoding="UTF-8"?>
<!-- Generated by org.testng.reporters.JUnitReportReporter -->
<testsuite hostname="Vaishnavi" failures="0" tests="1" name="pratice.Screenshot.Full_Page_Screenshot" time="8.586" errors="0" timestamp="2024-11-10T09:13:59 IST" skipped="0">
  <testcase classname="pratice.Screenshot.Full_Page_Screenshot" name="fullpage" time="8.586"/>
</testsuite> <!-- pratice.Screenshot.Full_Page_Screenshot -->
