<?xml version="1.0" encoding="UTF-8"?>
<!-- Generated by org.testng.reporters.JUnitReportReporter -->
<testsuite hostname="Vaishnavi" failures="0" tests="1" name="com.TestnNG.ScreenShot.Using__Utility_Screenshot" time="12.533" errors="0" timestamp="2024-10-28T17:06:35 IST" skipped="0">
  <testcase classname="com.TestnNG.ScreenShot.Using__Utility_Screenshot" name="f" time="12.533"/>
</testsuite> <!-- com.TestnNG.ScreenShot.Using__Utility_Screenshot -->
