<?xml version="1.0" encoding="UTF-8"?>
<!-- Generated by org.testng.reporters.JUnitReportReporter -->
<testsuite hostname="Vaishnavi" failures="0" tests="1" name="com.TestnNG.Assrataion_Hard_Soft" time="0.003" errors="0" timestamp="2024-10-29T12:11:03 IST" skipped="0">
  <testcase classname="com.TestnNG.Assrataion_Hard_Soft" name="hardfalse" time="0.003"/>
</testsuite> <!-- com.TestnNG.Assrataion_Hard_Soft -->
