<?xml version="1.0" encoding="UTF-8"?>
<!-- Generated by org.testng.reporters.JUnitReportReporter -->
<testsuite hostname="Vaishnavi" failures="0" tests="1" name="com.Listeners.ExtentReport" time="0.717" errors="0" timestamp="2024-11-26T18:19:53 IST" skipped="0">
  <testcase classname="com.Listeners.ExtentReport" name="extentreport" time="0.717"/>
</testsuite> <!-- com.Listeners.ExtentReport -->
