<?xml version="1.0" encoding="UTF-8"?>
<!-- Generated by org.testng.reporters.JUnitReportReporter -->
<testsuite hostname="Vaishnavi" failures="0" tests="1" name="com.TestnNG.ScreenShot.FullPage_Screenshot" time="10.010" errors="0" timestamp="2024-10-28T16:43:46 IST" skipped="0">
  <testcase classname="com.TestnNG.ScreenShot.FullPage_Screenshot" name="fullpage" time="10.010"/>
</testsuite> <!-- com.TestnNG.ScreenShot.FullPage_Screenshot -->
