<?xml version="1.0" encoding="UTF-8"?>
<!-- Generated by org.testng.reporters.JUnitReportReporter -->
<testsuite hostname="Vaishnavi" failures="0" tests="1" name="com.testng.live_class_example.Basic_Authentication" time="14.033" errors="0" timestamp="2024-10-09T18:22:50 IST" skipped="0">
  <testcase classname="com.testng.live_class_example.Basic_Authentication" name="basicAuthentication" time="14.033"/>
</testsuite> <!-- com.testng.live_class_example.Basic_Authentication -->
