<?xml version="1.0" encoding="UTF-8"?>
<!-- Generated by org.testng.reporters.JUnitReportReporter -->
<testsuite hostname="Vaishnavi" failures="0" tests="4" name="com.TestnNG.priority" time="0.010" errors="0" timestamp="2024-10-29T12:11:03 IST" skipped="1">
  <testcase classname="com.TestnNG.priority" name="upload" time="0.008"/>
  <testcase classname="com.TestnNG.priority" name="searching" time="0.001"/>
  <testcase classname="com.TestnNG.priority" name="done" time="0.001"/>
  <testcase classname="com.TestnNG.priority" name="downoad">
    <skipped/>
  </testcase> <!-- downoad -->
</testsuite> <!-- com.TestnNG.priority -->
