<?xml version="1.0" encoding="UTF-8"?>
<!-- Generated by org.testng.reporters.JUnitReportReporter -->
<testsuite hostname="Vaishnavi" failures="0" tests="1" name="pratice.Screenshot.View_Screenshot" time="7.767" errors="0" timestamp="2024-11-10T08:32:56 IST" skipped="0">
  <testcase classname="pratice.Screenshot.View_Screenshot" name="src" time="7.767"/>
</testsuite> <!-- pratice.Screenshot.View_Screenshot -->
