<?xml version="1.0" encoding="UTF-8"?>
<!-- Generated by org.testng.reporters.JUnitReportReporter -->
<testsuite hostname="Vaishnavi" failures="0" tests="3" name="com.pratice.TestNG.data_provider_using_sameClass" time="0.021" errors="0" timestamp="2024-11-19T11:07:26 IST" skipped="0">
  <testcase classname="com.pratice.TestNG.data_provider_using_sameClass" name="sameclass" time="0.002"/>
  <testcase classname="com.pratice.TestNG.data_provider_using_sameClass" name="sameclass" time="0.002"/>
  <testcase classname="com.pratice.TestNG.data_provider_using_sameClass" name="sameclass" time="0.017"/>
</testsuite> <!-- com.pratice.TestNG.data_provider_using_sameClass -->
