<?xml version="1.0" encoding="UTF-8"?>
<!-- Generated by org.testng.reporters.JUnitReportReporter -->
<testsuite hostname="Vaishnavi" failures="0" tests="1" name="com.TestnNG.DataRead__Xml.DataReadForm__file" time="0.013" errors="0" timestamp="2024-10-28T08:44:16 IST" skipped="0">
  <testcase classname="com.TestnNG.DataRead__Xml.DataReadForm__file" name="datareadFile" time="0.013"/>
</testsuite> <!-- com.TestnNG.DataRead__Xml.DataReadForm__file -->
