<?xml version="1.0" encoding="UTF-8"?>
<!-- Generated by org.testng.reporters.JUnitReportReporter -->
<testsuite hostname="Vaishnavi" failures="0" tests="1" name="com.testng.live_class_example.Mouse_operator_2" time="11.324" errors="0" timestamp="2024-10-11T18:02:48 IST" skipped="0">
  <testcase classname="com.testng.live_class_example.Mouse_operator_2" name="f" time="11.324"/>
</testsuite> <!-- com.testng.live_class_example.Mouse_operator_2 -->
