<?xml version="1.0" encoding="UTF-8"?>
<!-- Generated by org.testng.reporters.JUnitReportReporter -->
<testsuite hostname="Vaishnavi" failures="0" tests="2" name="com.pratice.TestNG.GroupTest" time="0.024" errors="0" timestamp="2024-11-19T10:19:53 IST" skipped="0">
  <testcase classname="com.pratice.TestNG.GroupTest" name="test3" time="0.001"/>
  <testcase classname="com.pratice.TestNG.GroupTest" name="test2" time="0.023"/>
</testsuite> <!-- com.pratice.TestNG.GroupTest -->
