<?xml version="1.0" encoding="UTF-8"?>
<!-- Generated by org.testng.reporters.JUnitReportReporter -->
<testsuite hostname="Vaishnavi" failures="0" tests="1" name="pratice.dragANDdrop" time="8.907" errors="0" timestamp="2024-10-23T18:03:41 IST" skipped="0">
  <testcase classname="pratice.dragANDdrop" name="f" time="8.907"/>
</testsuite> <!-- pratice.dragANDdrop -->
