<?xml version="1.0" encoding="UTF-8"?>
<!-- Generated by org.testng.reporters.JUnitReportReporter -->
<testsuite hostname="Vaishnavi" failures="0" tests="1" name="pratice.Utility_File_Property.Using_Utility_Login_SwagLab" time="5.939" errors="0" timestamp="2024-11-09T07:51:20 IST" skipped="0">
  <testcase classname="pratice.Utility_File_Property.Using_Utility_Login_SwagLab" name="FilePropertyUtility" time="5.939"/>
</testsuite> <!-- pratice.Utility_File_Property.Using_Utility_Login_SwagLab -->
