<?xml version="1.0" encoding="UTF-8"?>
<!-- Generated by org.testng.reporters.JUnitReportReporter -->
<testsuite hostname="Vaishnavi" failures="0" tests="3" name="pratice.POM_PageFactory.Login_PageTest_SwagLab" time="3.151" errors="0" timestamp="2024-11-08T18:31:01 IST" skipped="0">
  <testcase classname="pratice.POM_PageFactory.Login_PageTest_SwagLab" name="validatedologin" time="2.313"/>
  <testcase classname="pratice.POM_PageFactory.Login_PageTest_SwagLab" name="validateurl" time="0.624"/>
  <testcase classname="pratice.POM_PageFactory.Login_PageTest_SwagLab" name="validateTittle" time="0.214"/>
</testsuite> <!-- pratice.POM_PageFactory.Login_PageTest_SwagLab -->
