<?xml version="1.0" encoding="UTF-8"?>
<!-- Generated by org.testng.reporters.JUnitReportReporter -->
<testsuite hostname="Vaishnavi" failures="0" tests="1" name="com.testng.live_class_example.Pagination_Tabale" time="7.537" errors="0" timestamp="2024-10-23T14:07:59 IST" skipped="0">
  <testcase classname="com.testng.live_class_example.Pagination_Tabale" name="tabletest" time="7.537"/>
</testsuite> <!-- com.testng.live_class_example.Pagination_Tabale -->
