<?xml version="1.0" encoding="UTF-8"?>
<!-- Generated by org.testng.reporters.JUnitReportReporter -->
<testsuite hostname="Vaishnavi" failures="0" tests="1" name="pratice.All_options_console" time="8.896" errors="0" timestamp="2024-10-23T13:52:35 IST" skipped="0">
  <testcase classname="pratice.All_options_console" name="f" time="8.896"/>
</testsuite> <!-- pratice.All_options_console -->
