<?xml version="1.0" encoding="UTF-8"?>
<!-- Generated by org.testng.reporters.JUnitReportReporter -->
<testsuite hostname="Vaishnavi" failures="0" tests="1" name="pratice.Window_handlind" time="9.479" errors="0" timestamp="2024-10-10T13:24:20 IST" skipped="0">
  <testcase classname="pratice.Window_handlind" name="f" time="9.479"/>
</testsuite> <!-- pratice.Window_handlind -->
