<?xml version="1.0" encoding="UTF-8"?>
<!-- Generated by org.testng.reporters.JUnitReportReporter -->
<testsuite hostname="Vaishnavi" failures="0" tests="1" name="com.waits.selenium.utility" time="6.434" errors="0" timestamp="2024-10-10T16:38:06 IST" skipped="0">
  <testcase classname="com.waits.selenium.utility" name="f" time="6.434"/>
</testsuite> <!-- com.waits.selenium.utility -->
