<?xml version="1.0" encoding="UTF-8"?>
<!-- Generated by org.testng.reporters.JUnitReportReporter -->
<testsuite hostname="Vaishnavi" failures="0" tests="6" name="com.TestnNG.Annations.Grouping_test" time="0.022" errors="0" timestamp="2024-10-25T17:19:03 IST" skipped="0">
  <testcase classname="com.TestnNG.Annations.Grouping_test" name="test6" time="0.001"/>
  <testcase classname="com.TestnNG.Annations.Grouping_test" name="test5" time="0.002"/>
  <testcase classname="com.TestnNG.Annations.Grouping_test" name="test1" time="0.013"/>
  <testcase classname="com.TestnNG.Annations.Grouping_test" name="test2" time="0.002"/>
  <testcase classname="com.TestnNG.Annations.Grouping_test" name="test4" time="0.003"/>
  <testcase classname="com.TestnNG.Annations.Grouping_test" name="test3" time="0.001"/>
</testsuite> <!-- com.TestnNG.Annations.Grouping_test -->
