<?xml version="1.0" encoding="UTF-8"?>
<!-- Generated by org.testng.reporters.JUnitReportReporter -->
<testsuite hostname="Vaishnavi" failures="0" tests="1" name="pratice.mul_times_window" time="27.669" errors="0" timestamp="2024-10-23T14:41:04 IST" skipped="0">
  <testcase classname="pratice.mul_times_window" name="f" time="27.669"/>
</testsuite> <!-- pratice.mul_times_window -->
