<?xml version="1.0" encoding="UTF-8"?>
<!-- Generated by org.testng.reporters.JUnitReportReporter -->
<testsuite hostname="Vaishnavi" failures="0" tests="1" name="com.TestnNG.ScreenShot.viewPage_Screenshot" time="6.148" errors="0" timestamp="2024-10-28T16:01:08 IST" skipped="0">
  <testcase classname="com.TestnNG.ScreenShot.viewPage_Screenshot" name="screenshotviewpage" time="6.148"/>
</testsuite> <!-- com.TestnNG.ScreenShot.viewPage_Screenshot -->
