<?xml version="1.0" encoding="UTF-8"?>
<!-- Generated by org.testng.reporters.JUnitReportReporter -->
<testsuite hostname="Vaishnavi" failures="0" tests="3" name="pratice.POM_PageFactory.Login_PageTest_SwagLab" time="0.784" errors="0" timestamp="2024-11-19T10:24:33 IST" skipped="0">
  <testcase classname="pratice.POM_PageFactory.Login_PageTest_SwagLab" name="validatedologin" time="0.753"/>
  <testcase classname="pratice.POM_PageFactory.Login_PageTest_SwagLab" name="validateurl" time="0.013"/>
  <testcase classname="pratice.POM_PageFactory.Login_PageTest_SwagLab" name="validateTittle" time="0.018"/>
</testsuite> <!-- pratice.POM_PageFactory.Login_PageTest_SwagLab -->
