<?xml version="1.0" encoding="UTF-8"?>
<!-- Generated by org.testng.reporters.JUnitReportReporter -->
<testsuite hostname="Vaishnavi" failures="0" tests="1" name="Capability.File_Upload_Robot" time="12.271" errors="0" timestamp="2024-10-14T14:23:33 IST" skipped="0">
  <testcase classname="Capability.File_Upload_Robot" name="f" time="12.271"/>
</testsuite> <!-- Capability.File_Upload_Robot -->
