<?xml version="1.0" encoding="UTF-8"?>
<!-- Generated by org.testng.reporters.JUnitReportReporter -->
<testsuite hostname="Vaishnavi" failures="0" tests="1" name="pratice.number_row_cell" time="7.055" errors="0" timestamp="2024-10-23T14:06:15 IST" skipped="0">
  <testcase classname="pratice.number_row_cell" name="f" time="7.055"/>
</testsuite> <!-- pratice.number_row_cell -->
