<?xml version="1.0" encoding="UTF-8"?>
<!-- Generated by org.testng.reporters.JUnitReportReporter -->
<testsuite hostname="Vaishnavi" failures="0" tests="1" name="com.testng.live_class_example.ToolTip_Mouse_operator" time="4.218" errors="0" timestamp="2024-11-10T09:39:52 IST" skipped="0">
  <testcase classname="com.testng.live_class_example.ToolTip_Mouse_operator" name="f" time="4.218"/>
</testsuite> <!-- com.testng.live_class_example.ToolTip_Mouse_operator -->
