<?xml version="1.0" encoding="UTF-8"?>
<!-- Generated by org.testng.reporters.JUnitReportReporter -->
<testsuite hostname="Vaishnavi" failures="0" tests="3" name="com.TestnNG.POM.TestLoginPage_OrangeHRM_UsingLocotor" time="1.852" errors="0" timestamp="2024-10-25T15:50:16 IST" skipped="0">
  <testcase classname="com.TestnNG.POM.TestLoginPage_OrangeHRM_UsingLocotor" name="validateurl" time="0.024"/>
  <testcase classname="com.TestnNG.POM.TestLoginPage_OrangeHRM_UsingLocotor" name="validatetittle" time="0.017"/>
  <testcase classname="com.TestnNG.POM.TestLoginPage_OrangeHRM_UsingLocotor" name="validateloginpage" time="1.811"/>
</testsuite> <!-- com.TestnNG.POM.TestLoginPage_OrangeHRM_UsingLocotor -->
