<?xml version="1.0" encoding="UTF-8"?>
<!-- Generated by org.testng.reporters.JUnitReportReporter -->
<testsuite hostname="Vaishnavi" failures="0" tests="4" name="pratice.Data_Driven_FrameWork.Login_HRM_using_Dataprovider" time="25.729" errors="0" timestamp="2024-11-09T08:34:18 IST" skipped="0">
  <testcase classname="pratice.Data_Driven_FrameWork.Login_HRM_using_Dataprovider" name="login" time="5.043"/>
  <testcase classname="pratice.Data_Driven_FrameWork.Login_HRM_using_Dataprovider" name="login" time="5.805"/>
  <testcase classname="pratice.Data_Driven_FrameWork.Login_HRM_using_Dataprovider" name="login" time="6.056"/>
  <testcase classname="pratice.Data_Driven_FrameWork.Login_HRM_using_Dataprovider" name="login" time="8.825"/>
</testsuite> <!-- pratice.Data_Driven_FrameWork.Login_HRM_using_Dataprovider -->
