<?xml version="1.0" encoding="UTF-8"?>
<!-- Generated by org.testng.reporters.JUnitReportReporter -->
<testsuite hostname="Vaishnavi" failures="0" tests="1" name="com.testng.live_class_example.New_Window_Handle" time="17.839" errors="0" timestamp="2024-10-09T14:10:05 IST" skipped="0">
  <testcase classname="com.testng.live_class_example.New_Window_Handle" name="newwindow" time="17.839"/>
</testsuite> <!-- com.testng.live_class_example.New_Window_Handle -->
