<?xml version="1.0" encoding="UTF-8"?>
<!-- Generated by org.testng.reporters.JUnitReportReporter -->
<testsuite hostname="Vaishnavi" failures="0" tests="1" name="com.testng.live_class_example.FrameHandling" time="7.494" errors="0" timestamp="2024-10-23T14:54:50 IST" skipped="0">
  <testcase classname="com.testng.live_class_example.FrameHandling" name="framehandling" time="7.494"/>
</testsuite> <!-- com.testng.live_class_example.FrameHandling -->
