<?xml version="1.0" encoding="UTF-8"?>
<!-- Generated by org.testng.reporters.JUnitReportReporter -->
<testsuite hostname="Vaishnavi" failures="0" tests="1" name="Assignment.Dropdown_Select" time="9.442" errors="0" timestamp="2024-10-04T20:23:01 IST" skipped="0">
  <testcase classname="Assignment.Dropdown_Select" name="selectdropdowb" time="9.442"/>
</testsuite> <!-- Assignment.Dropdown_Select -->
