<?xml version="1.0" encoding="UTF-8"?>
<!-- Generated by org.testng.reporters.JUnitReportReporter -->
<testsuite hostname="Vaishnavi" failures="0" tests="1" name="com.testng.live_class_example.Scroll_Argument" time="5.631" errors="0" timestamp="2024-10-10T19:30:01 IST" skipped="0">
  <testcase classname="com.testng.live_class_example.Scroll_Argument" name="f" time="5.631"/>
</testsuite> <!-- com.testng.live_class_example.Scroll_Argument -->
