<?xml version="1.0" encoding="UTF-8"?>
<!-- Generated by org.testng.reporters.JUnitReportReporter -->
<testsuite hostname="Vaishnavi" failures="0" tests="1" name="Capability.File_Upload_Sendkeys" time="9.821" errors="0" timestamp="2024-10-24T09:07:16 IST" skipped="0">
  <testcase classname="Capability.File_Upload_Sendkeys" name="f" time="9.821"/>
</testsuite> <!-- Capability.File_Upload_Sendkeys -->
