<?xml version="1.0" encoding="UTF-8"?>
<!-- Generated by org.testng.reporters.JUnitReportReporter -->
<testsuite hostname="Vaishnavi" failures="0" tests="1" name="com.testng.live_class_example.Window_handling_OrangeHRM" time="17.988" errors="0" timestamp="2024-10-09T13:33:18 IST" skipped="0">
  <testcase classname="com.testng.live_class_example.Window_handling_OrangeHRM" name="windowhandling" time="17.988"/>
</testsuite> <!-- com.testng.live_class_example.Window_handling_OrangeHRM -->
