<?xml version="1.0" encoding="UTF-8"?>
<!-- Generated by org.testng.reporters.JUnitReportReporter -->
<testsuite hostname="Vaishnavi" failures="0" tests="2" name="com.TestnNG.Annations.RealTime_Annotation" time="2.010" errors="0" timestamp="2024-11-26T20:56:20 IST" skipped="0">
  <testcase classname="com.TestnNG.Annations.RealTime_Annotation" name="signinlink" time="1.382"/>
  <testcase classname="com.TestnNG.Annations.RealTime_Annotation" name="login" time="0.628"/>
</testsuite> <!-- com.TestnNG.Annations.RealTime_Annotation -->
