<?xml version="1.0" encoding="UTF-8"?>
<!-- Generated by org.testng.reporters.JUnitReportReporter -->
<testsuite hostname="Vaishnavi" failures="0" tests="1" name="com.testng.live_class_example.Alert_Types" time="13.302" errors="0" timestamp="2024-10-09T21:54:40 IST" skipped="0">
  <testcase classname="com.testng.live_class_example.Alert_Types" name="alertdemo" time="13.302"/>
</testsuite> <!-- com.testng.live_class_example.Alert_Types -->
