<?xml version="1.0" encoding="UTF-8"?>
<!-- Generated by org.testng.reporters.JUnitReportReporter -->
<testsuite hostname="Vaishnavi" failures="0" tests="3" name="pratice.Data_Driven_FrameWork.Data_Driven_UsingArayy_Using_Dataprovider" time="0.019" errors="0" timestamp="2024-11-09T08:19:44 IST" skipped="0">
  <testcase classname="pratice.Data_Driven_FrameWork.Data_Driven_UsingArayy_Using_Dataprovider" name="datadriven" time="0.005"/>
  <testcase classname="pratice.Data_Driven_FrameWork.Data_Driven_UsingArayy_Using_Dataprovider" name="datadriven" time="0.002"/>
  <testcase classname="pratice.Data_Driven_FrameWork.Data_Driven_UsingArayy_Using_Dataprovider" name="datadriven" time="0.012"/>
</testsuite> <!-- pratice.Data_Driven_FrameWork.Data_Driven_UsingArayy_Using_Dataprovider -->
