<?xml version="1.0" encoding="UTF-8"?>
<!-- Generated by org.testng.reporters.JUnitReportReporter -->
<testsuite hostname="Vaishnavi" failures="0" tests="1" name="pratice.Scrollbar" time="6.177" errors="0" timestamp="2024-11-26T17:40:15 IST" skipped="0">
  <testcase classname="pratice.Scrollbar" name="f" time="6.177"/>
</testsuite> <!-- pratice.Scrollbar -->
