<?xml version="1.0" encoding="UTF-8"?>
<!-- Generated by org.testng.reporters.JUnitReportReporter -->
<testsuite hostname="Vaishnavi" failures="0" tests="1" name="com.testng.live_class_example.Drag_Drop__action" time="4.390" errors="0" timestamp="2024-10-11T20:06:26 IST" skipped="0">
  <testcase classname="com.testng.live_class_example.Drag_Drop__action" name="f" time="4.390"/>
</testsuite> <!-- com.testng.live_class_example.Drag_Drop__action -->
