<?xml version="1.0" encoding="UTF-8"?>
<!-- Generated by org.testng.reporters.JUnitReportReporter -->
<testsuite hostname="Vaishnavi" failures="0" tests="1" name="pratice.download_file" time="6.524" errors="0" timestamp="2024-10-24T10:10:04 IST" skipped="0">
  <testcase classname="pratice.download_file" name="f" time="6.524"/>
</testsuite> <!-- pratice.download_file -->
