<?xml version="1.0" encoding="UTF-8"?>
<!-- Generated by org.testng.reporters.JUnitReportReporter -->
<testsuite hostname="Vaishnavi" failures="0" tests="4" name="com.pratice.TestNG.POM_ValidateTest" time="1.031" errors="0" timestamp="2024-11-20T18:41:29 IST" skipped="0">
  <testcase classname="com.pratice.TestNG.POM_ValidateTest" name="validateDologin" time="0.966"/>
  <testcase classname="com.pratice.TestNG.POM_ValidateTest" name="validatetittle" time="0.021"/>
  <testcase classname="com.pratice.TestNG.POM_ValidateTest" name="validateurl" time="0.017"/>
  <testcase classname="com.pratice.TestNG.POM_ValidateTest" name="validateimg" time="0.027"/>
</testsuite> <!-- com.pratice.TestNG.POM_ValidateTest -->
