<?xml version="1.0" encoding="UTF-8"?>
<!-- Generated by org.testng.reporters.JUnitReportReporter -->
<testsuite hostname="Vaishnavi" failures="0" tests="3" name="com.TestnNG.POM.Loginpage_test_byUsingLocator" time="11.642" errors="0" timestamp="2024-10-25T13:26:10 IST" skipped="0">
  <testcase classname="com.TestnNG.POM.Loginpage_test_byUsingLocator" name="validateurl" time="0.026"/>
  <testcase classname="com.TestnNG.POM.Loginpage_test_byUsingLocator" name="validatetittle" time="0.022"/>
  <testcase classname="com.TestnNG.POM.Loginpage_test_byUsingLocator" name="validateloginpage" time="11.594"/>
</testsuite> <!-- com.TestnNG.POM.Loginpage_test_byUsingLocator -->
