<?xml version="1.0" encoding="UTF-8"?>
<!-- Generated by org.testng.reporters.JUnitReportReporter -->
<testsuite hostname="Vaishnavi" failures="0" tests="1" name="pratice.TestNGFramework.DataReading.dataReading_Form_properties_File" time="0.012" errors="0" timestamp="2024-11-09T07:15:21 IST" skipped="0">
  <testcase classname="pratice.TestNGFramework.DataReading.dataReading_Form_properties_File" name="propertyfile" time="0.012"/>
</testsuite> <!-- pratice.TestNGFramework.DataReading.dataReading_Form_properties_File -->
