<?xml version="1.0" encoding="UTF-8"?>
<!-- Generated by org.testng.reporters.JUnitReportReporter -->
<testsuite hostname="Vaishnavi" failures="0" tests="1" name="com.testng.live_class_example.dropdown_single_multiple" time="7.613" errors="0" timestamp="2024-10-05T07:27:46 IST" skipped="0">
  <testcase classname="com.testng.live_class_example.dropdown_single_multiple" name="dropdown" time="7.613"/>
</testsuite> <!-- com.testng.live_class_example.dropdown_single_multiple -->
