<?xml version="1.0" encoding="UTF-8"?>
<!-- Generated by org.testng.reporters.JUnitReportReporter -->
<testsuite hostname="Vaishnavi" failures="0" tests="1" name="Assignment.Google_Searchdropdown" time="9.629" errors="0" timestamp="2024-10-04T21:06:01 IST" skipped="0">
  <testcase classname="Assignment.Google_Searchdropdown" name="f" time="9.629"/>
</testsuite> <!-- Assignment.Google_Searchdropdown -->
