<?xml version="1.0" encoding="UTF-8"?>
<!-- Generated by org.testng.reporters.JUnitReportReporter -->
<testsuite hostname="Vaishnavi" failures="0" tests="1" name="com.TestnNG.DataRead__Xml.Read_Data_xml" time="11.071" errors="0" timestamp="2024-11-08T20:43:33 IST" skipped="0">
  <testcase classname="com.TestnNG.DataRead__Xml.Read_Data_xml" name="readdata" time="11.071"/>
</testsuite> <!-- com.TestnNG.DataRead__Xml.Read_Data_xml -->
