<?xml version="1.0" encoding="UTF-8"?>
<!-- Generated by org.testng.reporters.JUnitReportReporter -->
<testsuite hostname="Vaishnavi" failures="0" tests="1" name="com.testng.live_class_example.Alert_Handling" time="5.422" errors="0" timestamp="2024-10-09T14:37:43 IST" skipped="0">
  <testcase classname="com.testng.live_class_example.Alert_Handling" name="alertHandling" time="5.422"/>
</testsuite> <!-- com.testng.live_class_example.Alert_Handling -->
