<?xml version="1.0" encoding="UTF-8"?>
<!-- Generated by org.testng.reporters.JUnitReportReporter -->
<testsuite hostname="Vaishnavi" failures="0" tests="1" name="com.testng.live_class_example.Alert_Handling" time="4.180" errors="0" timestamp="2024-11-21T15:59:33 IST" skipped="0">
  <testcase classname="com.testng.live_class_example.Alert_Handling" name="alertHandling" time="4.180"/>
</testsuite> <!-- com.testng.live_class_example.Alert_Handling -->
