<?xml version="1.0" encoding="UTF-8"?>
<!-- Generated by org.testng.reporters.JUnitReportReporter -->
<testsuite hostname="Vaishnavi" failures="0" tests="1" name="pratice.upload_robot" time="9.770" errors="0" timestamp="2024-10-24T11:33:03 IST" skipped="0">
  <testcase classname="pratice.upload_robot" name="f" time="9.770"/>
</testsuite> <!-- pratice.upload_robot -->
