<?xml version="1.0" encoding="UTF-8"?>
<!-- Generated by org.testng.reporters.JUnitReportReporter -->
<testsuite hostname="Vaishnavi" failures="0" tests="1" name="Capability.chrome_Capability" time="2.353" errors="0" timestamp="2024-10-11T21:44:40 IST" skipped="0">
  <testcase classname="Capability.chrome_Capability" name="ChromeCapabilty" time="2.353"/>
</testsuite> <!-- Capability.chrome_Capability -->
