<?xml version="1.0" encoding="UTF-8"?>
<!-- Generated by org.testng.reporters.JUnitReportReporter -->
<testsuite hostname="Vaishnavi" failures="0" tests="4" name="com.TestnNG.Data_driven_Framework__.using_Array.DataDriven_Framework" time="0.013" errors="0" timestamp="2024-10-28T12:38:23 IST" skipped="0">
  <testcase classname="com.TestnNG.Data_driven_Framework__.using_Array.DataDriven_Framework" name="datadriven" time="0.002"/>
  <testcase classname="com.TestnNG.Data_driven_Framework__.using_Array.DataDriven_Framework" name="datadriven" time="0.001"/>
  <testcase classname="com.TestnNG.Data_driven_Framework__.using_Array.DataDriven_Framework" name="datadriven" time="0.001"/>
  <testcase classname="com.TestnNG.Data_driven_Framework__.using_Array.DataDriven_Framework" name="datadriven" time="0.009"/>
</testsuite> <!-- com.TestnNG.Data_driven_Framework__.using_Array.DataDriven_Framework -->
