<?xml version="1.0" encoding="UTF-8"?>
<!-- Generated by org.testng.reporters.JUnitReportReporter -->
<testsuite hostname="Vaishnavi" failures="0" tests="3" name="com.TestnNG.Data_driven_Framework.DataDriven_Framework" time="0.011" errors="0" timestamp="2024-10-27T13:06:24 IST" skipped="0">
  <testcase classname="com.TestnNG.Data_driven_Framework.DataDriven_Framework" name="datadriven" time="0.001"/>
  <testcase classname="com.TestnNG.Data_driven_Framework.DataDriven_Framework" name="datadriven" time="0.009"/>
  <testcase classname="com.TestnNG.Data_driven_Framework.DataDriven_Framework" name="datadriven" time="0.001"/>
</testsuite> <!-- com.TestnNG.Data_driven_Framework.DataDriven_Framework -->
