<?xml version="1.0" encoding="UTF-8"?>
<!-- Generated by org.testng.reporters.JUnitReportReporter -->
<testsuite hostname="Vaishnavi" failures="0" tests="3" name="com.TestnNG.Annations.Before_After" time="0.019" errors="0" timestamp="2024-10-25T17:18:19 IST" skipped="0">
  <testcase classname="com.TestnNG.Annations.Before_After" name="test2" time="0.005"/>
  <testcase classname="com.TestnNG.Annations.Before_After" name="test3" time="0.002"/>
  <testcase classname="com.TestnNG.Annations.Before_After" name="test1" time="0.012"/>
</testsuite> <!-- com.TestnNG.Annations.Before_After -->
