<?xml version="1.0" encoding="UTF-8"?>
<!-- Generated by org.testng.reporters.JUnitReportReporter -->
<testsuite hostname="Vaishnavi" failures="0" tests="1" name="com.testng.live_class_example.Dropdown_Redbus" time="5.517" errors="0" timestamp="2024-10-07T18:46:12 IST" skipped="0">
  <testcase classname="com.testng.live_class_example.Dropdown_Redbus" name="f" time="5.517"/>
</testsuite> <!-- com.testng.live_class_example.Dropdown_Redbus -->
