<?xml version="1.0" encoding="UTF-8"?>
<!-- Generated by org.testng.reporters.JUnitReportReporter -->
<testsuite hostname="Vaishnavi" failures="0" tests="1" name="com.pratice.TestNG.Dataprovider_DifferentClass" time="4.682" errors="0" timestamp="2024-11-19T11:19:34 IST" skipped="0">
  <testcase classname="com.pratice.TestNG.Dataprovider_DifferentClass" name="different" time="4.682"/>
</testsuite> <!-- com.pratice.TestNG.Dataprovider_DifferentClass -->
