<?xml version="1.0" encoding="UTF-8"?>
<!-- Generated by org.testng.reporters.JUnitReportReporter -->
<testsuite hostname="Vaishnavi" failures="0" tests="1" name="pratice.headlessmode" time="6.426" errors="0" timestamp="2024-10-23T18:33:31 IST" skipped="0">
  <testcase classname="pratice.headlessmode" name="f" time="6.426"/>
</testsuite> <!-- pratice.headlessmode -->
