<?xml version="1.0" encoding="UTF-8"?>
<!-- Generated by org.testng.reporters.JUnitReportReporter -->
<testsuite hostname="Vaishnavi" failures="0" tests="1" name="com.testng.live_class_example.Calender" time="7.239" errors="0" timestamp="2024-10-08T14:02:14 IST" skipped="0">
  <testcase classname="com.testng.live_class_example.Calender" name="calender" time="7.239"/>
</testsuite> <!-- com.testng.live_class_example.Calender -->
