<?xml version="1.0" encoding="UTF-8"?>
<!-- Generated by org.testng.reporters.JUnitReportReporter -->
<testsuite hostname="Vaishnavi" failures="0" tests="4" name="com.pratice.TestNG.dependsONMethod" time="0.023" errors="0" timestamp="2024-11-19T10:09:39 IST" skipped="0">
  <testcase classname="com.pratice.TestNG.dependsONMethod" name="test3" time="0.003"/>
  <testcase classname="com.pratice.TestNG.dependsONMethod" name="test1" time="0.016"/>
  <testcase classname="com.pratice.TestNG.dependsONMethod" name="test4" time="0.002"/>
  <testcase classname="com.pratice.TestNG.dependsONMethod" name="test2" time="0.002"/>
</testsuite> <!-- com.pratice.TestNG.dependsONMethod -->
