<?xml version="1.0" encoding="UTF-8"?>
<!-- Generated by org.testng.reporters.JUnitReportReporter -->
<testsuite hostname="Vaishnavi" failures="0" tests="1" name="pratice.TestNGFramework.DataReading.dataReading_form_XmlFile" time="7.507" errors="0" timestamp="2024-11-08T20:42:56 IST" skipped="0">
  <testcase classname="pratice.TestNGFramework.DataReading.dataReading_form_XmlFile" name="xmlFile" time="7.507"/>
</testsuite> <!-- pratice.TestNGFramework.DataReading.dataReading_form_XmlFile -->
