<?xml version="1.0" encoding="UTF-8"?>
<!-- Generated by org.testng.reporters.JUnitReportReporter -->
<testsuite hostname="Vaishnavi" failures="0" tests="1" name="pratice.popup" time="10.135" errors="0" timestamp="2024-10-10T14:01:35 IST" skipped="0">
  <testcase classname="pratice.popup" name="f" time="10.135"/>
</testsuite> <!-- pratice.popup -->
