<?xml version="1.0" encoding="UTF-8"?>
<!-- Generated by org.testng.reporters.JUnitReportReporter -->
<testsuite hostname="Vaishnavi" failures="0" tests="1" name="com.liveclass.example.Asseration" time="0.018" errors="0" timestamp="2024-10-24T12:06:34 IST" skipped="0">
  <testcase classname="com.liveclass.example.Asseration" name="hardfalse" time="0.018"/>
</testsuite> <!-- com.liveclass.example.Asseration -->
