<?xml version="1.0" encoding="UTF-8"?>
<!-- Generated by org.testng.reporters.JUnitReportReporter -->
<testsuite hostname="Vaishnavi" failures="0" tests="1" name="pratice.Select_Utility" time="4.984" errors="0" timestamp="2024-10-07T18:36:14 IST" skipped="0">
  <testcase classname="pratice.Select_Utility" name="utility" time="4.984"/>
</testsuite> <!-- pratice.Select_Utility -->
