<?xml version="1.0" encoding="UTF-8"?>
<!-- Generated by org.testng.reporters.JUnitReportReporter -->
<testsuite hostname="Vaishnavi" failures="0" tests="1" name="Capability.Filedownload" time="5.012" errors="0" timestamp="2024-10-14T12:57:24 IST" skipped="0">
  <testcase classname="Capability.Filedownload" name="f" time="5.012"/>
</testsuite> <!-- Capability.Filedownload -->
