<?xml version="1.0" encoding="UTF-8"?>
<!-- Generated by org.testng.reporters.JUnitReportReporter -->
<testsuite hostname="Vaishnavi" failures="0" tests="1" name="com.testng.live_class_example.Scroll" time="15.201" errors="0" timestamp="2024-10-23T16:08:15 IST" skipped="0">
  <testcase classname="com.testng.live_class_example.Scroll" name="f" time="15.201"/>
</testsuite> <!-- com.testng.live_class_example.Scroll -->
