<?xml version="1.0" encoding="UTF-8"?>
<!-- Generated by org.testng.reporters.JUnitReportReporter -->
<testsuite hostname="Vaishnavi" failures="0" tests="2" name="com.TestnNG.Annations.ClassA" time="0.004" errors="0" timestamp="2024-10-25T17:18:44 IST" skipped="0">
  <testcase classname="com.TestnNG.Annations.ClassA" name="class1" time="0.001"/>
  <testcase classname="com.TestnNG.Annations.ClassA" name="class1" time="0.003"/>
</testsuite> <!-- com.TestnNG.Annations.ClassA -->
