<?xml version="1.0" encoding="UTF-8"?>
<!-- Generated by org.testng.reporters.JUnitReportReporter -->
<testsuite hostname="Vaishnavi" failures="0" tests="1" name="pratice.multiple_window_Handle" time="3.142" errors="0" timestamp="2024-10-23T13:28:07 IST" skipped="0">
  <testcase classname="pratice.multiple_window_Handle" name="f" time="3.142"/>
</testsuite> <!-- pratice.multiple_window_Handle -->
