<?xml version="1.0" encoding="UTF-8"?>
<!-- Generated by org.testng.reporters.JUnitReportReporter -->
<testsuite hostname="Vaishnavi" failures="0" tests="3" name="com.TestnNG.POM.Pagefactory.Testpage_using_pageFactor" time="1.821" errors="0" timestamp="2024-10-25T16:47:43 IST" skipped="0">
  <testcase classname="com.TestnNG.POM.Pagefactory.Testpage_using_pageFactor" name="Validateurl" time="0.016"/>
  <testcase classname="com.TestnNG.POM.Pagefactory.Testpage_using_pageFactor" name="Validatetittle" time="0.011"/>
  <testcase classname="com.TestnNG.POM.Pagefactory.Testpage_using_pageFactor" name="Validatelogin" time="1.794"/>
</testsuite> <!-- com.TestnNG.POM.Pagefactory.Testpage_using_pageFactor -->
