<?xml version="1.0" encoding="UTF-8"?>
<!-- Generated by org.testng.reporters.JUnitReportReporter -->
<testsuite hostname="Vaishnavi" failures="0" tests="1" name="pratice.Select_based_dropdown" time="6.983" errors="0" timestamp="2024-10-10T12:06:53 IST" skipped="0">
  <testcase classname="pratice.Select_based_dropdown" name="f" time="6.983"/>
</testsuite> <!-- pratice.Select_based_dropdown -->
