<?xml version="1.0" encoding="UTF-8"?>
<!-- Generated by org.testng.reporters.JUnitReportReporter -->
<testsuite hostname="Vaishnavi" failures="0" tests="1" name="com.testng.live_class_example.Slider_Action" time="4.248" errors="0" timestamp="2024-10-11T20:27:09 IST" skipped="0">
  <testcase classname="com.testng.live_class_example.Slider_Action" name="f" time="4.248"/>
</testsuite> <!-- com.testng.live_class_example.Slider_Action -->
