<?xml version="1.0" encoding="UTF-8"?>
<!-- Generated by org.testng.reporters.JUnitReportReporter -->
<testsuite hostname="Vaishnavi" failures="0" tests="1" name="com.testng.live_class_example.Mouse_Operator" time="6.058" errors="0" timestamp="2024-10-23T16:36:06 IST" skipped="0">
  <testcase classname="com.testng.live_class_example.Mouse_Operator" name="mouseoperator" time="6.058"/>
</testsuite> <!-- com.testng.live_class_example.Mouse_Operator -->
