<?xml version="1.0" encoding="UTF-8"?>
<!-- Generated by org.testng.reporters.JUnitReportReporter -->
<testsuite hostname="Vaishnavi" failures="0" tests="2" name="com.TestnNG.Annations.ClassB" time="0.009" errors="0" timestamp="2024-10-25T17:18:44 IST" skipped="0">
  <testcase classname="com.TestnNG.Annations.ClassB" name="class2" time="0.007"/>
  <testcase classname="com.TestnNG.Annations.ClassB" name="class2" time="0.002"/>
</testsuite> <!-- com.TestnNG.Annations.ClassB -->
