<?xml version="1.0" encoding="UTF-8"?>
<!-- Generated by org.testng.reporters.JUnitReportReporter -->
<testsuite hostname="Vaishnavi" failures="0" tests="1" name="Assignment.Alert" time="8.644" errors="0" timestamp="2024-10-09T17:20:47 IST" skipped="0">
  <testcase classname="Assignment.Alert" name="f" time="8.644"/>
</testsuite> <!-- Assignment.Alert -->
