<?xml version="1.0" encoding="UTF-8"?>
<!-- Generated by org.testng.reporters.JUnitReportReporter -->
<testsuite hostname="Vaishnavi" failures="0" tests="1" name="pratice.upload_file" time="3.852" errors="0" timestamp="2024-10-24T10:24:54 IST" skipped="0">
  <testcase classname="pratice.upload_file" name="f" time="3.852"/>
</testsuite> <!-- pratice.upload_file -->
