<?xml version="1.0" encoding="UTF-8"?>
<!-- Generated by org.testng.reporters.JUnitReportReporter -->
<testsuite hostname="Vaishnavi" failures="0" tests="1" name="Capability.Incognito" time="3.890" errors="0" timestamp="2024-10-11T22:11:35 IST" skipped="0">
  <testcase classname="Capability.Incognito" name="f" time="3.890"/>
</testsuite> <!-- Capability.Incognito -->
