<?xml version="1.0" encoding="UTF-8"?>
<!-- Generated by org.testng.reporters.JUnitReportReporter -->
<testsuite hostname="Vaishnavi" failures="0" tests="1" name="pratice.Window_handled" time="11.746" errors="0" timestamp="2024-10-10T13:43:06 IST" skipped="0">
  <testcase classname="pratice.Window_handled" name="f" time="11.746"/>
</testsuite> <!-- pratice.Window_handled -->
