<?xml version="1.0" encoding="UTF-8"?>
<!-- Generated by org.testng.reporters.JUnitReportReporter -->
<testsuite hostname="Vaishnavi" failures="0" tests="1" name="com.pratice.TestNG.data_readingxmlFile" time="3.747" errors="0" timestamp="2024-11-19T10:47:25 IST" skipped="0">
  <testcase classname="com.pratice.TestNG.data_readingxmlFile" name="loginpage" time="3.747"/>
</testsuite> <!-- com.pratice.TestNG.data_readingxmlFile -->
