<?xml version="1.0" encoding="UTF-8"?>
<!-- Generated by org.testng.reporters.JUnitReportReporter -->
<testsuite hostname="Vaishnavi" failures="0" tests="1" name="pratice.window_Handling" time="12.510" errors="0" timestamp="2024-10-23T14:33:43 IST" skipped="0">
  <testcase classname="pratice.window_Handling" name="f" time="12.510"/>
</testsuite> <!-- pratice.window_Handling -->
