<?xml version="1.0" encoding="UTF-8"?>
<!-- Generated by org.testng.reporters.JUnitReportReporter -->
<testsuite hostname="Vaishnavi" failures="0" tests="1" name="Capability.Headless" time="11.955" errors="0" timestamp="2024-10-11T22:52:53 IST" skipped="0">
  <testcase classname="Capability.Headless" name="f" time="11.955"/>
</testsuite> <!-- Capability.Headless -->
