<?xml version="1.0" encoding="UTF-8"?>
<!-- Generated by org.testng.reporters.JUnitReportReporter -->
<testsuite hostname="Vaishnavi" failures="0" tests="1" name="com.waits.selenium.Explicit_Wait_Webdriver" time="8.978" errors="0" timestamp="2024-10-10T16:15:11 IST" skipped="0">
  <testcase classname="com.waits.selenium.Explicit_Wait_Webdriver" name="Webdriverwait" time="8.978"/>
</testsuite> <!-- com.waits.selenium.Explicit_Wait_Webdriver -->
