<?xml version="1.0" encoding="UTF-8"?>
<!-- Generated by org.testng.reporters.JUnitReportReporter -->
<testsuite hostname="Vaishnavi" failures="0" tests="1" name="com.TestnNG.ScreenShot.Using__Utility_Screenshot" time="14.347" errors="0" timestamp="2024-11-26T17:51:21 IST" skipped="0">
  <testcase classname="com.TestnNG.ScreenShot.Using__Utility_Screenshot" name="f" time="14.347"/>
</testsuite> <!-- com.TestnNG.ScreenShot.Using__Utility_Screenshot -->
