<?xml version="1.0" encoding="UTF-8"?>
<!-- Generated by org.testng.reporters.JUnitReportReporter -->
<testsuite hostname="Vaishnavi" failures="0" tests="1" name="pratice.resize" time="6.430" errors="0" timestamp="2024-10-23T18:11:54 IST" skipped="0">
  <testcase classname="pratice.resize" name="f" time="6.430"/>
</testsuite> <!-- pratice.resize -->
