<?xml version="1.0" encoding="UTF-8"?>
<!-- Generated by org.testng.reporters.JUnitReportReporter -->
<testsuite hostname="Vaishnavi" failures="0" tests="1" name="pratice.Screenshot.fullpagescreenshot" time="6.429" errors="0" timestamp="2024-11-10T09:26:14 IST" skipped="0">
  <testcase classname="pratice.Screenshot.fullpagescreenshot" name="fullp" time="6.429"/>
</testsuite> <!-- pratice.Screenshot.fullpagescreenshot -->
