<?xml version="1.0" encoding="UTF-8"?>
<!-- Generated by org.testng.reporters.JUnitReportReporter -->
<testsuite hostname="Vaishnavi" failures="0" tests="3" name="pratice.POM.Login_PageTest_SwagLab" time="2.253" errors="0" timestamp="2024-11-08T17:59:14 IST" skipped="0">
  <testcase classname="pratice.POM.Login_PageTest_SwagLab" name="ValidateDologin" time="2.082"/>
  <testcase classname="pratice.POM.Login_PageTest_SwagLab" name="validateurl" time="0.114"/>
  <testcase classname="pratice.POM.Login_PageTest_SwagLab" name="validateTittle" time="0.057"/>
</testsuite> <!-- pratice.POM.Login_PageTest_SwagLab -->
