<?xml version="1.0" encoding="UTF-8"?>
<!-- Generated by org.testng.reporters.JUnitReportReporter -->
<testsuite hostname="Vaishnavi" failures="0" tests="1" name="com.testng.live_class_example.Mouse_over" time="5.303" errors="0" timestamp="2024-10-11T18:41:25 IST" skipped="0">
  <testcase classname="com.testng.live_class_example.Mouse_over" name="f" time="5.303"/>
</testsuite> <!-- com.testng.live_class_example.Mouse_over -->
