<?xml version="1.0" encoding="UTF-8"?>
<!-- Generated by org.testng.reporters.JUnitReportReporter -->
<testsuite hostname="Vaishnavi" failures="0" tests="1" name="pratice.mouse_op" time="7.441" errors="0" timestamp="2024-10-23T17:41:31 IST" skipped="0">
  <testcase classname="pratice.mouse_op" name="f" time="7.441"/>
</testsuite> <!-- pratice.mouse_op -->
